<?xml version="1.0" encoding="UTF-8"?>
<testng-results ignored="0" total="1" passed="1" failed="0" skipped="0">
  <reporter-output>
  </reporter-output>
  <suite started-at="2024-07-05T16:51:05 IST" name="Default suite" finished-at="2024-07-05T16:51:09 IST" duration-ms="3399">
    <groups>
    </groups>
    <test started-at="2024-07-05T16:51:05 IST" name="Default test" finished-at="2024-07-05T16:51:09 IST" duration-ms="3399">
      <class name="com.APITesting.TestGetandPostRequest">
        <test-method signature="POStRequest()[pri:0, instance:com.APITesting.TestGetandPostRequest@57a3af25]" started-at="2024-07-05T16:51:05 IST" name="POStRequest" finished-at="2024-07-05T16:51:09 IST" duration-ms="3355" status="PASS">
          <reporter-output>
          </reporter-output>
        </test-method> <!-- POStRequest -->
      </class> <!-- com.APITesting.TestGetandPostRequest -->
    </test> <!-- Default test -->
  </suite> <!-- Default suite -->
</testng-results>
